Rem

Rem 	$Header: hr_drop.sql 03-mar-2001.10:05:14 ahunold Exp $

Rem

Rem 	hr_drop.sql

Rem

Rem  	Copyright (c) Oracle Corporation 2007. All Rights Reserved.

Rem

Rem    	Script NAME: 	hr_drop.sql - Drop objects from HR schema

Rem

Rem    	DESCRIPTION:

Rem

Rem

Rem    	NOTES: 

Rem

Rem    	CREATED by Nancy Greenberg - 06/01/00

Rem    	MODIFIED   (MM/DD/YY)

Rem    	ahunold     02/20/01 - New header, non-table objects

Rem    	vpatabal    03/02/01 - DROP TABLE region 

Rem 	Updated by Lauran K. Serhal on 20-JUL-2007, re-formatted the script. 

SET SERVEROUTPUT ON  VERIFY OFF

SET ECHO ON

DROP PROCEDURE add_job_history

 DROP PROCEDURE add_job_history erfolgreich.
DROP PROCEDURE secure_dml

 DROP PROCEDURE secure_dml erfolgreich.
DROP VIEW emp_details_view

 DROP VIEW emp_details_view erfolgreich.
DROP SEQUENCE departments_seq

 DROP SEQUENCE departments_seq erfolgreich.
DROP SEQUENCE employees_seq

 DROP SEQUENCE employees_seq erfolgreich.
DROP SEQUENCE locations_seq

 DROP SEQUENCE locations_seq erfolgreich.
DROP TABLE regions     CASCADE CONSTRAINTS

 DROP TABLE regions erfolgreich.
DROP TABLE departments CASCADE CONSTRAINTS

 DROP TABLE departments erfolgreich.
DROP TABLE locations   CASCADE CONSTRAINTS

 DROP TABLE locations erfolgreich.
DROP TABLE jobs        CASCADE CONSTRAINTS

 DROP TABLE jobs erfolgreich.
DROP TABLE job_history CASCADE CONSTRAINTS

 DROP TABLE job_history erfolgreich.
DROP TABLE employees   CASCADE CONSTRAINTS

 DROP TABLE employees erfolgreich.
DROP TABLE countries   CASCADE CONSTRAINTS

 DROP TABLE countries erfolgreich.
COMMIT

COMMIT erfolgreich.
